[19-Jan-2025 10:24:06 Europe/Berlin] PHP Warning:  require_once(init.php): Failed to open stream: No such file or directory in C:\xampp\htdocs\kits-alb\backend\create-payment-intent.php on line 15
[19-Jan-2025 10:24:06 Europe/Berlin] PHP Fatal error:  Uncaught Error: Failed opening required 'init.php' (include_path='C:\xampp\php\PEAR') in C:\xampp\htdocs\kits-alb\backend\create-payment-intent.php:15
Stack trace:
#0 {main}
  thrown in C:\xampp\htdocs\kits-alb\backend\create-payment-intent.php on line 15
[19-Jan-2025 10:31:44 Europe/Berlin] PHP Warning:  require_once(init.php): Failed to open stream: No such file or directory in C:\xampp\htdocs\kits-alb\backend\create-payment-intent.php on line 15
[19-Jan-2025 10:31:44 Europe/Berlin] PHP Fatal error:  Uncaught Error: Failed opening required 'init.php' (include_path='C:\xampp\php\PEAR') in C:\xampp\htdocs\kits-alb\backend\create-payment-intent.php:15
Stack trace:
#0 {main}
  thrown in C:\xampp\htdocs\kits-alb\backend\create-payment-intent.php on line 15
[19-Jan-2025 10:33:00 Europe/Berlin] PHP Warning:  require(C:\xampp\htdocs\kits-alb\backend/stripe-php/init.php): Failed to open stream: No such file or directory in C:\xampp\htdocs\kits-alb\backend\create-payment-intent.php on line 16
[19-Jan-2025 10:33:00 Europe/Berlin] PHP Fatal error:  Uncaught Error: Failed opening required 'C:\xampp\htdocs\kits-alb\backend/stripe-php/init.php' (include_path='C:\xampp\php\PEAR') in C:\xampp\htdocs\kits-alb\backend\create-payment-intent.php:16
Stack trace:
#0 {main}
  thrown in C:\xampp\htdocs\kits-alb\backend\create-payment-intent.php on line 16
[19-Jan-2025 10:33:56 Europe/Berlin] PHP Warning:  require(C:\xampp\htdocs\kits-alb\backend..\stripe-php\init.php): Failed to open stream: No such file or directory in C:\xampp\htdocs\kits-alb\backend\create-payment-intent.php on line 16
[19-Jan-2025 10:33:56 Europe/Berlin] PHP Fatal error:  Uncaught Error: Failed opening required 'C:\xampp\htdocs\kits-alb\backend..\stripe-php\init.php' (include_path='C:\xampp\php\PEAR') in C:\xampp\htdocs\kits-alb\backend\create-payment-intent.php:16
Stack trace:
#0 {main}
  thrown in C:\xampp\htdocs\kits-alb\backend\create-payment-intent.php on line 16
[19-Jan-2025 10:34:31 Europe/Berlin] Received payment request: {"amount":68727}
[19-Jan-2025 10:34:31 Europe/Berlin] Decoded input: Array
(
    [amount] => 68727
)

[19-Jan-2025 10:34:31 Europe/Berlin] Creating PaymentIntent for amount: 68727
[19-Jan-2025 10:34:32 Europe/Berlin] Exception caught: Could not verify Stripe's SSL certificate.  Please make sure that your network is not intercepting certificates.  (Try going to https://api.stripe.com/v1/payment_intents in your browser.)  If this problem persists, let us know at support@stripe.com.

(Network error [errno 60]: SSL certificate problem: unable to get local issuer certificate)
[19-Jan-2025 10:34:32 Europe/Berlin] Stack trace: #0 C:\xampp\htdocs\kits-alb\stripe-php\lib\HttpClient\CurlClient.php(588): Stripe\HttpClient\CurlClient->handleCurlError('https://api.str...', 60, 'SSL certificate...', 0)
#1 C:\xampp\htdocs\kits-alb\stripe-php\lib\HttpClient\CurlClient.php(347): Stripe\HttpClient\CurlClient->executeRequestWithRetries(Array, 'https://api.str...')
#2 C:\xampp\htdocs\kits-alb\stripe-php\lib\ApiRequestor.php(521): Stripe\HttpClient\CurlClient->request('post', 'https://api.str...', Array, Array, false, 'v1')
#3 C:\xampp\htdocs\kits-alb\stripe-php\lib\ApiRequestor.php(135): Stripe\ApiRequestor->_requestRaw('post', '/v1/payment_int...', Array, Array, 'v1', Array)
#4 C:\xampp\htdocs\kits-alb\stripe-php\lib\ApiOperations\Request.php(111): Stripe\ApiRequestor->request('post', '/v1/payment_int...', Array, Array, 'v1', Array)
#5 C:\xampp\htdocs\kits-alb\stripe-php\lib\PaymentIntent.php(118): Stripe\ApiResource::_staticRequest('post', '/v1/payment_int...', Array, NULL)
#6 C:\xampp\htdocs\kits-alb\backend\create-payment-intent.php(49): Stripe\PaymentIntent::create(Array)
#7 {main}
[19-Jan-2025 10:36:59 Europe/Berlin] Received payment request: {"amount":68727}
[19-Jan-2025 10:36:59 Europe/Berlin] Decoded input: Array
(
    [amount] => 68727
)

[19-Jan-2025 10:36:59 Europe/Berlin] PHP Fatal error:  Uncaught Error: Call to undefined method Stripe\HttpClient\CurlClient::setDefaultOptions() in C:\xampp\htdocs\kits-alb\backend\create-payment-intent.php:41
Stack trace:
#0 {main}
  thrown in C:\xampp\htdocs\kits-alb\backend\create-payment-intent.php on line 41
[19-Jan-2025 10:38:01 Europe/Berlin] Received payment request: {"amount":68727}
[19-Jan-2025 10:38:01 Europe/Berlin] Decoded input: Array
(
    [amount] => 68727
)

[19-Jan-2025 10:38:01 Europe/Berlin] Creating PaymentIntent for amount: 68727
[19-Jan-2025 10:59:39 Europe/Berlin] Received payment request: {"amount":68727}
[19-Jan-2025 10:59:39 Europe/Berlin] Decoded input: Array
(
    [amount] => 68727
)

[19-Jan-2025 10:59:39 Europe/Berlin] Creating PaymentIntent for amount: 68727
[19-Jan-2025 11:01:36 Europe/Berlin] Received payment request: {"amount":68727}
[19-Jan-2025 11:01:36 Europe/Berlin] Decoded input: Array
(
    [amount] => 68727
)

[19-Jan-2025 11:01:36 Europe/Berlin] Creating PaymentIntent for amount: 68727
